生成启动时间为 2017/8/9 18:46:08。
项目“C:\Users\dongenlai\Desktop\game\MahJongVip_HaErBin\vs2013\MahJongVip_HaErBin_GameArea\MahJongVip_HaErBin_GameArea.vcxproj”在节点 2 上(ClCompile 个目标)。
ClCompile:
  C:\Vs2013\VC\bin\CL.exe /c /ZI /nologo /W3 /WX- /Od /Oy- /D WIN32 /D _DEBUG /D _CONSOLE /D __WEBSOCKET_CLIENT /D _UNICODE /D UNICODE /Gm /EHsc /RTC1 /MDd /GS /fp:precise /Zc:wchar_t /Zc:forScope /Fo"Debug\\" /Fd"Debug\vc120.pdb" /Gd /TP /wd4819 /analyze- /errorReport:prompt ..\..\MahJongVip_HaErBin_GameArea\cfg_area.cpp ..\..\MahJongVip_HaErBin_GameArea\epoll_gamearea.cpp ..\..\MahJongVip_HaErBin_GameArea\global_var.cpp ..\..\MahJongVip_HaErBin_GameArea\main_gamearea.cpp ..\..\MahJongVip_HaErBin_GameArea\mjActionMgr.cpp ..\..\MahJongVip_HaErBin_GameArea\mjDataMgr.cpp ..\..\MahJongVip_HaErBin_GameArea\mjLogic.cpp ..\..\MahJongVip_HaErBin_GameArea\table_mgr.cpp ..\..\MahJongVip_HaErBin_GameArea\type_area.cpp ..\..\MahJongVip_HaErBin_GameArea\type_card.cpp ..\..\MahJongVip_HaErBin_GameArea\world_gamearea.cpp
  world_gamearea.cpp
c:\users\dongenlai\desktop\game\mahjongvip_haerbin\common\util.h(19): fatal error C1083: 无法打开包括文件: “dirent.h”: No such file or directory
  type_card.cpp
c:\users\dongenlai\desktop\game\mahjongvip_haerbin\common\util.h(19): fatal error C1083: 无法打开包括文件: “dirent.h”: No such file or directory
  type_area.cpp
c:\users\dongenlai\desktop\game\mahjongvip_haerbin\common\util.h(19): fatal error C1083: 无法打开包括文件: “dirent.h”: No such file or directory
  table_mgr.cpp
c:\users\dongenlai\desktop\game\mahjongvip_haerbin\common\util.h(19): fatal error C1083: 无法打开包括文件: “dirent.h”: No such file or directory
  mjLogic.cpp
c:\users\dongenlai\desktop\game\mahjongvip_haerbin\common\util.h(19): fatal error C1083: 无法打开包括文件: “dirent.h”: No such file or directory
  mjDataMgr.cpp
c:\users\dongenlai\desktop\game\mahjongvip_haerbin\common\util.h(19): fatal error C1083: 无法打开包括文件: “dirent.h”: No such file or directory
  mjActionMgr.cpp
c:\users\dongenlai\desktop\game\mahjongvip_haerbin\common\util.h(19): fatal error C1083: 无法打开包括文件: “dirent.h”: No such file or directory
  main_gamearea.cpp
c:\users\dongenlai\desktop\game\mahjongvip_haerbin\common\epoll_server.h(5): fatal error C1083: 无法打开包括文件: “sys/epoll.h”: No such file or directory
  global_var.cpp
c:\users\dongenlai\desktop\game\mahjongvip_haerbin\common\util.h(19): fatal error C1083: 无法打开包括文件: “dirent.h”: No such file or directory
  epoll_gamearea.cpp
c:\users\dongenlai\desktop\game\mahjongvip_haerbin\common\epoll_server.h(5): fatal error C1083: 无法打开包括文件: “sys/epoll.h”: No such file or directory
  cfg_area.cpp
c:\users\dongenlai\desktop\game\mahjongvip_haerbin\common\util.h(19): fatal error C1083: 无法打开包括文件: “dirent.h”: No such file or directory
  正在生成代码...
已完成生成项目“C:\Users\dongenlai\Desktop\game\MahJongVip_HaErBin\vs2013\MahJongVip_HaErBin_GameArea\MahJongVip_HaErBin_GameArea.vcxproj”(ClCompile 个目标)的操作 - 失败。

生成失败。

已用时间 00:00:05.29
